2018/11/02 16:47:03 にビルドを開始しました。
     1>ノード 2 上のプロジェクト "C:\anryu\LineSensor\StGenFactoryScript v1.00.1072_20181101\StGenICamLib\StGenICamLib.vcxproj" (rebuild ターゲット)。
     1>_PrepareForClean:
         ファイル "Release\StGenICamLib.lastbuildstate" を削除しています。
       InitializeBuildStatus:
         "AlwaysCreate" が指定されたため "Release\StGenICamLib.unsuccessfulbuild" を作成しています。
       ClCompile:
         c:\Program Files (x86)\Microsoft Visual Studio 10.0\VC\bin\CL.exe /c /I..\CommonHeader /I"C:\Program Files\GenICam_v2_4\library\CPP\include" /I"C:\GenICam_Development\GenICam_V3_0_2-Win32_i86_VS120-Release-Development\library\CPP\include" /Zi /nologo /W0 /WX- /O2 /Oi /Oy- /GL /D WIN32 /D NDEBUG /D _LIB /D _UNICODE /D UNICODE /D _AFXDLL /Gm- /EHsc /MD /GS /Gy /fp:precise /Zc:wchar_t /Zc:forScope /Fo"Release\\" /Fd"Release\vc100.pdb" /Gd /TP /analyze- /errorReport:prompt GenTLZip.cpp stdafx.cpp StGenCTI.cpp StGenDevice.cpp StGenDeviceInfo.cpp StGenDeviceManager.cpp StGenGCLib.cpp StGenInterface.cpp StGenPort.cpp StGenStream.cpp StGenTL.cpp
         GenTLZip.cpp
         stdafx.cpp
         StGenCTI.cpp
         StGenDevice.cpp
         StGenDeviceInfo.cpp
         StGenDeviceManager.cpp
         StGenGCLib.cpp
         StGenInterface.cpp
         StGenPort.cpp
         StGenStream.cpp
         StGenTL.cpp
       Lib:
         c:\Program Files (x86)\Microsoft Visual Studio 10.0\VC\bin\Lib.exe /OUT:"C:\anryu\LineSensor\StGenFactoryScript v1.00.1072_20181101\Release\StGenICamLib.lib" StGenUtilsLib.lib zlib.lib /LIBPATH:..\Release /LIBPATH:..\libping\Release /LIBPATH:"C:\Program Files\GenICam_v2_4\library\Cpp\lib\Win32_i86" /LIBPATH:"C:\GenICam_Development\GenICam_V3_0_2-Win32_i86_VS120-Release-Development\library\CPP\lib\Win32_i86" /NOLOGO /LTCG Release\GenTLZip.obj
         Release\stdafx.obj
         Release\StGenCTI.obj
         Release\StGenDevice.obj
         Release\StGenDeviceInfo.obj
         Release\StGenDeviceManager.obj
         Release\StGenGCLib.obj
         Release\StGenInterface.obj
         Release\StGenPort.obj
         Release\StGenStream.obj
         Release\StGenTL.obj
         Release\stdafx.obj を置換
         StGenICamLib.vcxproj -> C:\anryu\LineSensor\StGenFactoryScript v1.00.1072_20181101\Release\StGenICamLib.lib
       FinalizeBuildStatus:
         ファイル "Release\StGenICamLib.unsuccessfulbuild" を削除しています。
         "Release\StGenICamLib.lastbuildstate" のタッチ タスクを実行しています。
     1>プロジェクト "C:\anryu\LineSensor\StGenFactoryScript v1.00.1072_20181101\StGenICamLib\StGenICamLib.vcxproj" (rebuild ターゲット) のビルドが完了しました。

ビルドに成功しました。

経過時間 00:00:25.10
