C:\ANRYU\LINESENSOR\STGENFACTORYSCRIPT V1.00.1072_20181101\RELEASE\STGENICAMLIB.LIB
C:\anryu\LineSensor\StGenFactoryScript v1.00.1072_20181101\StGenICamLib\Release\cl.command.1.tlog
C:\anryu\LineSensor\StGenFactoryScript v1.00.1072_20181101\StGenICamLib\Release\CL.read.1.tlog
C:\anryu\LineSensor\StGenFactoryScript v1.00.1072_20181101\StGenICamLib\Release\CL.write.1.tlog
C:\ANRYU\LINESENSOR\STGENFACTORYSCRIPT V1.00.1072_20181101\STGENICAMLIB\RELEASE\GENTLZIP.OBJ
C:\anryu\LineSensor\StGenFactoryScript v1.00.1072_20181101\StGenICamLib\Release\lib.command.1.tlog
C:\anryu\LineSensor\StGenFactoryScript v1.00.1072_20181101\StGenICamLib\Release\Lib-link.read.1.tlog
C:\anryu\LineSensor\StGenFactoryScript v1.00.1072_20181101\StGenICamLib\Release\Lib-link.write.1.tlog
C:\ANRYU\LINESENSOR\STGENFACTORYSCRIPT V1.00.1072_20181101\STGENICAMLIB\RELEASE\STDAFX.OBJ
C:\ANRYU\LINESENSOR\STGENFACTORYSCRIPT V1.00.1072_20181101\STGENICAMLIB\RELEASE\STGENCTI.OBJ
C:\ANRYU\LINESENSOR\STGENFACTORYSCRIPT V1.00.1072_20181101\STGENICAMLIB\RELEASE\STGENDEVICE.OBJ
C:\ANRYU\LINESENSOR\STGENFACTORYSCRIPT V1.00.1072_20181101\STGENICAMLIB\RELEASE\STGENDEVICEINFO.OBJ
C:\ANRYU\LINESENSOR\STGENFACTORYSCRIPT V1.00.1072_20181101\STGENICAMLIB\RELEASE\STGENDEVICEMANAGER.OBJ
C:\ANRYU\LINESENSOR\STGENFACTORYSCRIPT V1.00.1072_20181101\STGENICAMLIB\RELEASE\STGENGCLIB.OBJ
C:\anryu\LineSensor\StGenFactoryScript v1.00.1072_20181101\StGenICamLib\Release\StGenICamLib.write.1.tlog
C:\ANRYU\LINESENSOR\STGENFACTORYSCRIPT V1.00.1072_20181101\STGENICAMLIB\RELEASE\STGENINTERFACE.OBJ
C:\ANRYU\LINESENSOR\STGENFACTORYSCRIPT V1.00.1072_20181101\STGENICAMLIB\RELEASE\STGENPORT.OBJ
C:\ANRYU\LINESENSOR\STGENFACTORYSCRIPT V1.00.1072_20181101\STGENICAMLIB\RELEASE\STGENSTREAM.OBJ
C:\ANRYU\LINESENSOR\STGENFACTORYSCRIPT V1.00.1072_20181101\STGENICAMLIB\RELEASE\STGENTL.OBJ
C:\ANRYU\LINESENSOR\STGENFACTORYSCRIPT V1.00.1072_20181101\STGENICAMLIB\RELEASE\VC100.PDB
