C:\ANRYU\LINESENSOR\STGENFACTORYSCRIPT V1.00.1071_20180604\DEBUG\STGENICAMLIB.LIB
C:\anryu\LineSensor\StGenFactoryScript v1.00.1071_20180604\StGenICamLib\Debug\cl.command.1.tlog
C:\anryu\LineSensor\StGenFactoryScript v1.00.1071_20180604\StGenICamLib\Debug\CL.read.1.tlog
C:\anryu\LineSensor\StGenFactoryScript v1.00.1071_20180604\StGenICamLib\Debug\CL.write.1.tlog
C:\ANRYU\LINESENSOR\STGENFACTORYSCRIPT V1.00.1071_20180604\STGENICAMLIB\DEBUG\GENTLZIP.OBJ
C:\anryu\LineSensor\StGenFactoryScript v1.00.1071_20180604\StGenICamLib\Debug\lib.command.1.tlog
C:\anryu\LineSensor\StGenFactoryScript v1.00.1071_20180604\StGenICamLib\Debug\Lib-link.read.1.tlog
C:\anryu\LineSensor\StGenFactoryScript v1.00.1071_20180604\StGenICamLib\Debug\Lib-link.write.1.tlog
C:\ANRYU\LINESENSOR\STGENFACTORYSCRIPT V1.00.1071_20180604\STGENICAMLIB\DEBUG\STDAFX.OBJ
C:\ANRYU\LINESENSOR\STGENFACTORYSCRIPT V1.00.1071_20180604\STGENICAMLIB\DEBUG\STGENCTI.OBJ
C:\ANRYU\LINESENSOR\STGENFACTORYSCRIPT V1.00.1071_20180604\STGENICAMLIB\DEBUG\STGENDEVICE.OBJ
C:\ANRYU\LINESENSOR\STGENFACTORYSCRIPT V1.00.1071_20180604\STGENICAMLIB\DEBUG\STGENDEVICEINFO.OBJ
C:\ANRYU\LINESENSOR\STGENFACTORYSCRIPT V1.00.1071_20180604\STGENICAMLIB\DEBUG\STGENDEVICEMANAGER.OBJ
C:\ANRYU\LINESENSOR\STGENFACTORYSCRIPT V1.00.1071_20180604\STGENICAMLIB\DEBUG\STGENGCLIB.OBJ
C:\anryu\LineSensor\StGenFactoryScript v1.00.1071_20180604\StGenICamLib\Debug\StGenICamLib.write.1.tlog
C:\ANRYU\LINESENSOR\STGENFACTORYSCRIPT V1.00.1071_20180604\STGENICAMLIB\DEBUG\STGENINTERFACE.OBJ
C:\ANRYU\LINESENSOR\STGENFACTORYSCRIPT V1.00.1071_20180604\STGENICAMLIB\DEBUG\STGENPORT.OBJ
C:\ANRYU\LINESENSOR\STGENFACTORYSCRIPT V1.00.1071_20180604\STGENICAMLIB\DEBUG\STGENSTREAM.OBJ
C:\ANRYU\LINESENSOR\STGENFACTORYSCRIPT V1.00.1071_20180604\STGENICAMLIB\DEBUG\STGENTL.OBJ
C:\anryu\LineSensor\StGenFactoryScript v1.00.1071_20180604\StGenICamLib\Debug\vc100.idb
C:\ANRYU\LINESENSOR\STGENFACTORYSCRIPT V1.00.1071_20180604\STGENICAMLIB\DEBUG\VC100.PDB
